<?xml version="1.0" encoding="UTF-8"?>
<robot generator="Robot 6.0.2 (Python 3.11.1 on win32)" generated="20230130 16:44:05.070" rpa="false" schemaversion="3">
<suite id="s1" name="Cadastro" source="C:\Users\QA\PycharmProjects\automationRobotFramework\Cadastro.robot">
<test id="s1-t1" name="Cadastro Usuário Site" line="17">
<kw name="Open Browser" library="SeleniumLibrary" type="SETUP">
<arg>${url}</arg>
<arg>${browser}</arg>
<doc>Opens a new browser instance to the optional ``url``.</doc>
<msg timestamp="20230130 16:44:05.317" level="INFO">Opening browser 'Chrome' to base url 'https://courses.ultimateqa.com/users/sign_up'.</msg>
<status status="PASS" starttime="20230130 16:44:05.316" endtime="20230130 16:44:12.376"/>
</kw>
<kw name="Dado acesso o site ultimateqa.com">
<kw name="Wait Until Element Is Visible" library="SeleniumLibrary">
<arg>xpath = //*[@id="user[first_name]"]</arg>
<arg>30000ms</arg>
<doc>Waits until the element ``locator`` is visible.</doc>
<status status="PASS" starttime="20230130 16:44:12.377" endtime="20230130 16:44:12.404"/>
</kw>
<status status="PASS" starttime="20230130 16:44:12.377" endtime="20230130 16:44:12.405"/>
</kw>
<kw name="Quando preencho o campo FirstName como &quot;Teste&quot; e LastName como &quot;Qa&quot;" sourcename="Quando preencho o campo FirstName como &quot;${Teste}&quot; e LastName como &quot;${Qa}&quot;">
<kw name="Wait Until Element Is Enabled" library="SeleniumLibrary">
<arg>id = user[first_name]</arg>
<doc>Waits until the element ``locator`` is enabled.</doc>
<status status="PASS" starttime="20230130 16:44:12.406" endtime="20230130 16:44:12.435"/>
</kw>
<kw name="Input Text" library="SeleniumLibrary">
<arg>id = user[first_name]</arg>
<arg>${Teste}</arg>
<doc>Types the given ``text`` into the text field identified by ``locator``.</doc>
<msg timestamp="20230130 16:44:12.436" level="INFO">Typing text 'Teste' into text field 'id = user[first_name]'.</msg>
<status status="PASS" starttime="20230130 16:44:12.435" endtime="20230130 16:44:12.518"/>
</kw>
<kw name="Wait Until Element Is Enabled" library="SeleniumLibrary">
<arg>id = user[last_name]</arg>
<doc>Waits until the element ``locator`` is enabled.</doc>
<status status="PASS" starttime="20230130 16:44:12.518" endtime="20230130 16:44:12.547"/>
</kw>
<kw name="Input Text" library="SeleniumLibrary">
<arg>id = user[last_name]</arg>
<arg>${Qa}</arg>
<doc>Types the given ``text`` into the text field identified by ``locator``.</doc>
<msg timestamp="20230130 16:44:12.548" level="INFO">Typing text 'Qa' into text field 'id = user[last_name]'.</msg>
<status status="PASS" starttime="20230130 16:44:12.547" endtime="20230130 16:44:12.625"/>
</kw>
<status status="PASS" starttime="20230130 16:44:12.405" endtime="20230130 16:44:12.625"/>
</kw>
<kw name="E preencho o campo Email como &quot;teste2@teste.com.br&quot;" sourcename="E preencho o campo Email como &quot;${teste@teste.com.br}&quot;">
<kw name="Wait Until Element Is Enabled" library="SeleniumLibrary">
<arg>id = user[email]</arg>
<doc>Waits until the element ``locator`` is enabled.</doc>
<status status="PASS" starttime="20230130 16:44:12.626" endtime="20230130 16:44:12.676"/>
</kw>
<kw name="Input Text" library="SeleniumLibrary">
<arg>id = user[email]</arg>
<arg>${teste@teste.com.br}</arg>
<doc>Types the given ``text`` into the text field identified by ``locator``.</doc>
<msg timestamp="20230130 16:44:12.677" level="INFO">Typing text 'teste2@teste.com.br' into text field 'id = user[email]'.</msg>
<status status="PASS" starttime="20230130 16:44:12.677" endtime="20230130 16:44:12.781"/>
</kw>
<status status="PASS" starttime="20230130 16:44:12.626" endtime="20230130 16:44:12.781"/>
</kw>
<kw name="E preencho o campo Password como &quot;#Testando123&quot;" sourcename="E preencho o campo Password como &quot;${#Testando123}&quot;">
<kw name="Wait Until Element Is Enabled" library="SeleniumLibrary">
<arg>id = user[password]</arg>
<doc>Waits until the element ``locator`` is enabled.</doc>
<status status="PASS" starttime="20230130 16:44:12.782" endtime="20230130 16:44:12.808"/>
</kw>
<kw name="Input Text" library="SeleniumLibrary">
<arg>id = user[password]</arg>
<arg>${#Testando123}</arg>
<doc>Types the given ``text`` into the text field identified by ``locator``.</doc>
<msg timestamp="20230130 16:44:12.808" level="INFO">Typing text '#Testando123' into text field 'id = user[password]'.</msg>
<status status="PASS" starttime="20230130 16:44:12.808" endtime="20230130 16:44:12.904"/>
</kw>
<status status="PASS" starttime="20230130 16:44:12.782" endtime="20230130 16:44:12.904"/>
</kw>
<kw name="E clico em I have read">
<kw name="Click Button" library="SeleniumLibrary">
<arg>id = user[terms]</arg>
<doc>Clicks the button identified by ``locator``.</doc>
<msg timestamp="20230130 16:44:12.905" level="INFO">Clicking button 'id = user[terms]'.</msg>
<status status="PASS" starttime="20230130 16:44:12.904" endtime="20230130 16:44:12.968"/>
</kw>
<status status="PASS" starttime="20230130 16:44:12.904" endtime="20230130 16:44:12.968"/>
</kw>
<kw name="Então clico no botão &quot;Signup&quot; e visualizo &quot;All Courses&quot;" sourcename="Então clico no botão &quot;${Signup}&quot; e visualizo &quot;All Courses&quot;">
<kw name="Click Button" library="SeleniumLibrary">
<arg>xpath= //button[@type='submit']</arg>
<doc>Clicks the button identified by ``locator``.</doc>
<msg timestamp="20230130 16:44:12.970" level="INFO">Clicking button 'xpath= //button[@type='submit']'.</msg>
<status status="PASS" starttime="20230130 16:44:12.969" endtime="20230130 16:44:13.077"/>
</kw>
<kw name="Wait Until Element Is Visible" library="SeleniumLibrary">
<arg>xpath = //*[@id="category-name"]</arg>
<doc>Waits until the element ``locator`` is visible.</doc>
<status status="PASS" starttime="20230130 16:44:13.078" endtime="20230130 16:44:15.854"/>
</kw>
<kw name="Element Should Contain" library="SeleniumLibrary">
<arg>xpath = //*[@id="category-name"]</arg>
<arg>All Courses</arg>
<doc>Verifies that element ``locator`` contains text ``expected``.</doc>
<msg timestamp="20230130 16:44:15.878" level="INFO">Element 'xpath = //*[@id="category-name"]' contains text 'All Courses'.</msg>
<status status="PASS" starttime="20230130 16:44:15.854" endtime="20230130 16:44:15.878"/>
</kw>
<status status="PASS" starttime="20230130 16:44:12.969" endtime="20230130 16:44:15.878"/>
</kw>
<kw name="Close Browser" library="SeleniumLibrary" type="TEARDOWN">
<doc>Closes the current browser.</doc>
<status status="PASS" starttime="20230130 16:44:15.879" endtime="20230130 16:44:18.114"/>
</kw>
<tag>cadastro</tag>
<status status="PASS" starttime="20230130 16:44:05.315" endtime="20230130 16:44:18.114"/>
</test>
<doc>Teste de Cadastro de usuário no Site https://courses.ultimateqa.com/users/sign_up
abre o navegador
e realiza cadastro</doc>
<status status="PASS" starttime="20230130 16:44:05.072" endtime="20230130 16:44:18.116"/>
</suite>
<statistics>
<total>
<stat pass="1" fail="0" skip="0">All Tests</stat>
</total>
<tag>
<stat pass="1" fail="0" skip="0">cadastro</stat>
</tag>
<suite>
<stat pass="1" fail="0" skip="0" id="s1" name="Cadastro">Cadastro</stat>
</suite>
</statistics>
<errors>
</errors>
</robot>
