<?xml version="1.0" encoding="UTF-8"?>
<robot generator="Robot 6.0.2 (Python 3.11.1 on win32)" generated="20230131 15:16:45.394" rpa="false" schemaversion="3">
<suite id="s1" name="Login" source="C:\Users\QA\PycharmProjects\automationRobotFramework\Login.robot">
<test id="s1-t1" name="Login Usuário Site" line="17">
<kw name="Open Browser" library="SeleniumLibrary" type="SETUP">
<arg>${url}</arg>
<arg>${browser}</arg>
<doc>Opens a new browser instance to the optional ``url``.</doc>
<msg timestamp="20230131 15:16:45.626" level="INFO">Opening browser 'Chrome' to base url 'https://courses.ultimateqa.com/users/sign_in'.</msg>
<status status="PASS" starttime="20230131 15:16:45.626" endtime="20230131 15:16:50.765"/>
</kw>
<kw name="Dado acesso o site ultimateqa.com">
<kw name="Wait Until Element Is Visible" library="SeleniumLibrary">
<arg>xpath = //*[@id="user[email]"]</arg>
<arg>30000ms</arg>
<doc>Waits until the element ``locator`` is visible.</doc>
<status status="PASS" starttime="20230131 15:16:50.766" endtime="20230131 15:16:50.807"/>
</kw>
<status status="PASS" starttime="20230131 15:16:50.766" endtime="20230131 15:16:50.807"/>
</kw>
<kw name="Quando preencho o campo Email com &quot;teste2@teste.com.br&quot; e Password com &quot;#Testando123&quot;" sourcename="Quando preencho o campo Email com &quot;${teste2@teste.com.br}&quot; e Password com &quot;${#Testando123}&quot;">
<kw name="Wait Until Element Is Enabled" library="SeleniumLibrary">
<arg>id = user[email]</arg>
<doc>Waits until the element ``locator`` is enabled.</doc>
<status status="PASS" starttime="20230131 15:16:50.811" endtime="20230131 15:16:50.839"/>
</kw>
<kw name="Input Text" library="SeleniumLibrary">
<arg>id = user[email]</arg>
<arg>${teste2@teste.com.br}</arg>
<doc>Types the given ``text`` into the text field identified by ``locator``.</doc>
<msg timestamp="20230131 15:16:50.840" level="INFO">Typing text 'teste2@teste.com.br' into text field 'id = user[email]'.</msg>
<status status="PASS" starttime="20230131 15:16:50.840" endtime="20230131 15:16:50.941"/>
</kw>
<kw name="Wait Until Element Is Enabled" library="SeleniumLibrary">
<arg>id = user[password]</arg>
<doc>Waits until the element ``locator`` is enabled.</doc>
<status status="PASS" starttime="20230131 15:16:50.941" endtime="20230131 15:16:50.974"/>
</kw>
<kw name="Input Text" library="SeleniumLibrary">
<arg>id = user[password]</arg>
<arg>${#Testando123}</arg>
<doc>Types the given ``text`` into the text field identified by ``locator``.</doc>
<msg timestamp="20230131 15:16:50.974" level="INFO">Typing text '#Testando123' into text field 'id = user[password]'.</msg>
<status status="PASS" starttime="20230131 15:16:50.974" endtime="20230131 15:16:51.069"/>
</kw>
<status status="PASS" starttime="20230131 15:16:50.810" endtime="20230131 15:16:51.069"/>
</kw>
<kw name="E clico em Remember me">
<kw name="Click Button" library="SeleniumLibrary">
<arg>id = user[remember_me]</arg>
<doc>Clicks the button identified by ``locator``.</doc>
<msg timestamp="20230131 15:16:51.071" level="INFO">Clicking button 'id = user[remember_me]'.</msg>
<status status="PASS" starttime="20230131 15:16:51.070" endtime="20230131 15:16:51.128"/>
</kw>
<status status="PASS" starttime="20230131 15:16:51.070" endtime="20230131 15:16:51.128"/>
</kw>
<kw name="Então clico no botão &quot;Signin&quot; e visualizo &quot;All Courses&quot;" sourcename="Então clico no botão &quot;${Signin}&quot; e visualizo &quot;All Courses&quot;">
<kw name="Click Button" library="SeleniumLibrary">
<arg>xpath= //button[@type='submit']</arg>
<doc>Clicks the button identified by ``locator``.</doc>
<msg timestamp="20230131 15:16:51.129" level="INFO">Clicking button 'xpath= //button[@type='submit']'.</msg>
<status status="PASS" starttime="20230131 15:16:51.129" endtime="20230131 15:16:51.214"/>
</kw>
<kw name="Wait Until Element Is Visible" library="SeleniumLibrary">
<arg>xpath = //*[@id="category-name"]</arg>
<doc>Waits until the element ``locator`` is visible.</doc>
<status status="PASS" starttime="20230131 15:16:51.215" endtime="20230131 15:16:53.333"/>
</kw>
<kw name="Element Should Contain" library="SeleniumLibrary">
<arg>xpath = //*[@id="category-name"]</arg>
<arg>All Courses</arg>
<doc>Verifies that element ``locator`` contains text ``expected``.</doc>
<msg timestamp="20230131 15:16:53.363" level="INFO">Element 'xpath = //*[@id="category-name"]' contains text 'All Courses'.</msg>
<status status="PASS" starttime="20230131 15:16:53.333" endtime="20230131 15:16:53.364"/>
</kw>
<status status="PASS" starttime="20230131 15:16:51.129" endtime="20230131 15:16:53.364"/>
</kw>
<kw name="Close Browser" library="SeleniumLibrary" type="TEARDOWN">
<doc>Closes the current browser.</doc>
<status status="PASS" starttime="20230131 15:16:53.364" endtime="20230131 15:16:55.579"/>
</kw>
<tag>Login</tag>
<status status="PASS" starttime="20230131 15:16:45.625" endtime="20230131 15:16:55.580"/>
</test>
<doc>Teste de Login de usuário no Site https://courses.ultimateqa.com/users/sign_in
abre o navegador
e realiza login</doc>
<status status="PASS" starttime="20230131 15:16:45.395" endtime="20230131 15:16:55.582"/>
</suite>
<statistics>
<total>
<stat pass="1" fail="0" skip="0">All Tests</stat>
</total>
<tag>
<stat pass="1" fail="0" skip="0">Login</stat>
</tag>
<suite>
<stat pass="1" fail="0" skip="0" id="s1" name="Login">Login</stat>
</suite>
</statistics>
<errors>
</errors>
</robot>
